<?xml version="1.0" encoding="UTF-8"?>
<!-- Generated by org.testng.reporters.JUnitReportReporter -->
<testsuite hostname="AmmaNanna" name="com.Test.SecondTest" tests="1" failures="0" timestamp="15 Nov 2014 10:30:58 GMT" time="1.323" errors="0">
  <testcase name="getData" time="1.323" classname="com.Test.SecondTest"/>
</testsuite> <!-- com.Test.SecondTest -->
