<?xml version="1.0" encoding="UTF-8"?>
<!-- Generated by org.testng.reporters.JUnitReportReporter -->
<testsuite hostname="Thotas-PC" name="com.Test.JerSeyTest" tests="5" failures="0" timestamp="18 Nov 2014 20:17:41 GMT" time="2.035" errors="0">
  <testcase name="postData" time="0.760" classname="com.Test.JerSeyTest"/>
  <testcase name="fetchData" time="0.565" classname="com.Test.JerSeyTest"/>
  <testcase name="deleteData" time="0.350" classname="com.Test.JerSeyTest"/>
  <testcase name="updateData" time="0.170" classname="com.Test.JerSeyTest"/>
  <testcase name="getData" time="0.190" classname="com.Test.JerSeyTest"/>
</testsuite> <!-- com.Test.JerSeyTest -->
